<?xml version="1.0" encoding="UTF-8"?>
<!-- Generated by org.testng.reporters.JUnitReportReporter -->
<testsuite skipped="0" hostname="DESKTOP-4J4I018" name="Demo.recentKudosTest" tests="1" failures="0" timestamp="2021-10-22T09:02:00 IST" time="1.031" errors="0">
  <testcase name="tFive" time="1.031" classname="Demo.recentKudosTest"/>
  <system-out/>
</testsuite> <!-- Demo.recentKudosTest -->
