<?xml version="1.0" encoding="UTF-8"?>
<!-- Generated by org.testng.reporters.JUnitReportReporter -->
<testsuite skipped="0" hostname="DESKTOP-4J4I018" name="Demo.OtherActivity" tests="5" failures="0" timestamp="2021-10-22T09:10:40 IST" time="25.957" errors="0">
  <testcase name="tSixofTwo" time="0.929" classname="Demo.OtherActivity"/>
  <system-out/>
  <testcase name="tSixofThree" time="1.803" classname="Demo.OtherActivity"/>
  <system-out/>
  <testcase name="TSix" time="2.397" classname="Demo.OtherActivity"/>
  <system-out/>
  <testcase name="tSixofFour" time="0.039" classname="Demo.OtherActivity"/>
  <system-out/>
  <testcase name="testCSelfkudos" time="20.789" classname="Demo.OtherActivity"/>
  <system-out/>
</testsuite> <!-- Demo.OtherActivity -->
