<?xml version="1.0" encoding="UTF-8"?>
<!-- Generated by org.testng.reporters.JUnitReportReporter -->
<testsuite skipped="0" hostname="DESKTOP-4J4I018" name="Demo.ToDisplayTest" tests="1" failures="0" timestamp="2021-10-24T22:36:08 IST" time="15.568" errors="0">
  <testcase name="testTwo" time="15.568" classname="Demo.ToDisplayTest"/>
  <system-out/>
</testsuite> <!-- Demo.ToDisplayTest -->
