<?xml version="1.0" encoding="UTF-8"?>
<!-- Generated by org.testng.reporters.JUnitReportReporter -->
<testsuite skipped="0" hostname="DESKTOP-4J4I018" name="Demo.toSendKudos" tests="3" failures="0" timestamp="2021-10-22T09:02:00 IST" time="107.677" errors="0">
  <testcase name="testCEmptyComents" time="33.120" classname="Demo.toSendKudos"/>
  <system-out/>
  <testcase name="testAThree" time="39.866" classname="Demo.toSendKudos"/>
  <system-out/>
  <testcase name="testBMultiplekudos" time="34.691" classname="Demo.toSendKudos"/>
  <system-out/>
</testsuite> <!-- Demo.toSendKudos -->
