<?xml version="1.0" encoding="UTF-8"?>
<!-- Generated by org.testng.reporters.JUnitReportReporter -->
<testsuite skipped="0" hostname="DESKTOP-4J4I018" name="Demo.ToTestLoginPage" tests="2" failures="0" timestamp="2021-10-22T09:02:00 IST" time="14.585" errors="0">
  <testcase name="testInvalid" time="7.242" classname="Demo.ToTestLoginPage"/>
  <system-out/>
  <testcase name="testOne" time="7.343" classname="Demo.ToTestLoginPage"/>
  <system-out/>
</testsuite> <!-- Demo.ToTestLoginPage -->
