<?xml version="1.0" encoding="UTF-8"?>
<!-- Generated by org.testng.reporters.JUnitReportReporter -->
<testsuite hostname="DESKTOP-4J4I018" name="Demo.ToTestLoginPage" tests="2" failures="0" timestamp="25 Oct 2021 03:46:49 GMT" time="15.531" errors="0">
  <testcase name="testInvalid" time="8.188" classname="Demo.ToTestLoginPage"/>
  <testcase name="testOne" time="7.343" classname="Demo.ToTestLoginPage"/>
</testsuite> <!-- Demo.ToTestLoginPage -->
