<?xml version="1.0" encoding="UTF-8"?>
<!-- Generated by org.testng.reporters.JUnitReportReporter -->
<testsuite hostname="DESKTOP-4J4I018" name="Demo.ToDisplayTest" tests="1" failures="0" timestamp="25 Oct 2021 03:46:49 GMT" time="9.518" errors="0">
  <testcase name="testTwo" time="9.518" classname="Demo.ToDisplayTest"/>
</testsuite> <!-- Demo.ToDisplayTest -->
